<?xml version="1.0" encoding="UTF-8"?>
<testng-results total="2" passed="2" failed="0" skipped="0">
  <reporter-output>
  </reporter-output>
  <suite started-at="2019-06-19T14:10:41Z" name="Suite" finished-at="2019-06-19T14:10:52Z" duration-ms="10837">
    <groups>
      <group name="regression">
        <method signature="parallel.parallel2()[pri:0, instance:parallel.parallel.parallel@36f0f1be]" name="parallel2" class="parallel.parallel.parallel"/>
        <method signature="parallel.parallel3()[pri:0, instance:parallel.parallel.parallel@36f0f1be]" name="parallel3" class="parallel.parallel.parallel"/>
      </group> <!-- regression -->
      <group name="smoke">
        <method signature="parallel.parallel3()[pri:0, instance:parallel.parallel.parallel@36f0f1be]" name="parallel3" class="parallel.parallel.parallel"/>
      </group> <!-- smoke -->
    </groups>
    <test started-at="2019-06-19T14:10:41Z" name="Test" finished-at="2019-06-19T14:10:52Z" duration-ms="10837">
      <class name="parallel.parallel.parallel">
        <test-method signature="parallel3()[pri:0, instance:parallel.parallel.parallel@36f0f1be]" started-at="2019-06-19T19:40:41Z" name="parallel3" finished-at="2019-06-19T19:40:52Z" duration-ms="10814" status="PASS">
          <reporter-output>
          </reporter-output>
        </test-method> <!-- parallel3 -->
        <test-method signature="parallel2()[pri:0, instance:parallel.parallel.parallel@36f0f1be]" started-at="2019-06-19T19:40:41Z" name="parallel2" finished-at="2019-06-19T19:40:52Z" duration-ms="10708" status="PASS">
          <reporter-output>
          </reporter-output>
        </test-method> <!-- parallel2 -->
      </class> <!-- parallel.parallel.parallel -->
    </test> <!-- Test -->
  </suite> <!-- Suite -->
</testng-results>
